<!DOCTYPE html>
<html>
<head>
<meta http-equiv="Content-Type" content="text/html; charset=utf-8"/>
<meta http-equiv="x-ua-compatible" content="IE=edge"/>
<title>Test results - Class UTest</title>
<link href="../css/base-style.css" rel="stylesheet" type="text/css"/>
<link href="../css/style.css" rel="stylesheet" type="text/css"/>
<script src="../js/report.js" type="text/javascript"></script>
</head>
<body>
<div id="content">
<h1>Class UTest</h1>
<div class="breadcrumbs">
<a href="../index.html">all</a> &gt; 
<a href="../packages/default-package.html">default-package</a> &gt; UTest</div>
<div id="summary">
<table>
<tr>
<td>
<div class="summaryGroup">
<table>
<tr>
<td>
<div class="infoBox" id="tests">
<div class="counter">1</div>
<p>tests</p>
</div>
</td>
<td>
<div class="infoBox" id="failures">
<div class="counter">1</div>
<p>failures</p>
</div>
</td>
<td>
<div class="infoBox" id="ignored">
<div class="counter">0</div>
<p>ignored</p>
</div>
</td>
<td>
<div class="infoBox" id="duration">
<div class="counter">29.034s</div>
<p>duration</p>
</div>
</td>
</tr>
</table>
</div>
</td>
<td>
<div class="infoBox failures" id="successRate">
<div class="percent">0%</div>
<p>successful</p>
</div>
</td>
</tr>
</table>
</div>
<div id="tabs">
<ul class="tabLinks">
<li>
<a href="#tab0">Failed tests</a>
</li>
<li>
<a href="#tab1">Tests</a>
</li>
<li>
<a href="#tab2">Standard output</a>
</li>
<li>
<a href="#tab3">Standard error</a>
</li>
</ul>
<div id="tab0" class="tab">
<h2>Failed tests</h2>
<div class="test">
<a name="Crear un nuevo usuario"></a>
<h3 class="failures">Crear un nuevo usuario</h3>
<span class="code">
<pre>java.lang.NullPointerException
	at net.serenitybdd.core.injectors.EnvironmentDependencyInjector.matchingFieldsIn(EnvironmentDependencyInjector.java:88)
	at net.serenitybdd.core.injectors.EnvironmentDependencyInjector.injectDependenciesInto(EnvironmentDependencyInjector.java:32)
	at net.thucydides.core.steps.PageObjectDependencyInjector.injectDependenciesInto(PageObjectDependencyInjector.java:28)
	at net.thucydides.core.steps.StepFactory.injectOtherDependenciesInto(StepFactory.java:181)
	at net.thucydides.core.steps.StepFactory.instantiateUniqueStepLibraryFor(StepFactory.java:198)
	at net.thucydides.core.steps.StepFactory.getUniqueStepLibraryFor(StepFactory.java:130)
	at net.serenitybdd.screenplay.Tasks.instrumented(Tasks.java:12)
	at net.serenitybdd.screenplay.actions.Enter.into(Enter.java:32)
	at co.com.choucair.certification.proyectobase.tasks.LastStep.performAs(LastStep.java:28)
	at co.com.choucair.certification.proyectobase.tasks.LastStep$ByteBuddy$sVWYTEhj.performAs$accessor$Oq82irHz(Unknown Source)
	at sun.reflect.NativeMethodAccessorImpl.invoke0(Native Method)
	at sun.reflect.NativeMethodAccessorImpl.invoke(NativeMethodAccessorImpl.java:62)
	at sun.reflect.DelegatingMethodAccessorImpl.invoke(DelegatingMethodAccessorImpl.java:43)
	at java.lang.reflect.Method.invoke(Method.java:498)
	at net.thucydides.core.steps.StepInterceptor.invokeMethod(StepInterceptor.java:471)
	at net.thucydides.core.steps.StepInterceptor.executeTestStepMethod(StepInterceptor.java:451)
	at net.thucydides.core.steps.StepInterceptor.runTestStep(StepInterceptor.java:424)
	at net.thucydides.core.steps.StepInterceptor.runOrSkipMethod(StepInterceptor.java:180)
	at net.thucydides.core.steps.StepInterceptor.testStepResult(StepInterceptor.java:167)
	at net.thucydides.core.steps.StepInterceptor.intercept(StepInterceptor.java:75)
	at co.com.choucair.certification.proyectobase.tasks.LastStep$ByteBuddy$sVWYTEhj.performAs(Unknown Source)
	at net.serenitybdd.screenplay.Actor.performTask(Actor.java:233)
	at net.serenitybdd.screenplay.Actor.perform(Actor.java:214)
	at net.serenitybdd.screenplay.Actor.attemptsTo(Actor.java:171)
	at co.com.choucair.certification.proyectobase.stepdefinitions.UTestSpectDefinitions.Oscarcompleteelformularioderegistro(UTestSpectDefinitions.java:40)
	at ✽.Oscar complete el formulario de registro(src/test/resources/features/uTest.feature:12)
</pre>
</span>
</div>
</div>
<div id="tab1" class="tab">
<h2>Tests</h2>
<table>
<thead>
<tr>
<th>Test</th>
<th>Duration</th>
<th>Result</th>
</tr>
</thead>
<tr>
<td class="failures">Crear un nuevo usuario</td>
<td class="failures">29.034s</td>
<td class="failures">failed</td>
</tr>
</table>
</div>
<div id="tab2" class="tab">
<h2>Standard output</h2>
<span class="code">
<pre>Ingreso register
</pre>
</span>
</div>
<div id="tab3" class="tab">
<h2>Standard error</h2>
<span class="code">
<pre>[Test worker] WARN net.thucydides.core.steps.BaseStepListener - stepStarted: net.thucydides.core.steps.ExecutedStepDescription@69e947f
[Test worker] WARN net.thucydides.core.steps.BaseStepListener - stepStarted: net.thucydides.core.steps.ExecutedStepDescription@52924b86
[Test worker] WARN net.thucydides.core.steps.BaseStepListener - stepStarted: net.thucydides.core.steps.ExecutedStepDescription@2813eb2c
feb 06, 2021 1:51:30 PM org.openqa.selenium.remote.DesiredCapabilities chrome
INFORMACIÓN: Using `new ChromeOptions()` is preferred to `DesiredCapabilities.chrome()`
[Test worker] INFO net.serenitybdd.core.webdriver.driverproviders.ProvideNewDriver - Instantiating driver
[Test worker] INFO net.serenitybdd.core.webdriver.driverproviders.ProvideNewDriver - Driver capabilities: Capabilities {acceptInsecureCerts: false, browserName: chrome, chrome.switches: --start-maximized, goog:chromeOptions: {args: [--start-maximized], extensions: []}, loggingPrefs: org.openqa.selenium.logging..., platform: ANY, version: }
Starting ChromeDriver 88.0.4324.96 (68dba2d8a0b149a1d3afac56fa74648032bcf46b-refs/branch-heads/4324@{#1784}) on port 30132
Only local connections are allowed.
Please see https://chromedriver.chromium.org/security-considerations for suggestions on keeping ChromeDriver safe.
ChromeDriver was started successfully.
feb 06, 2021 1:51:33 PM org.openqa.selenium.remote.ProtocolHandshake createSession
INFORMACIÓN: Detected dialect: W3C
[Test worker] WARN net.thucydides.core.steps.BaseStepListener - stepFinished: current outcome:Crear un nuevo usuario:Dado que Oscar ingresa a la pagina [Oscar open up [Oscar opens the U test page]]
[Test worker] WARN net.thucydides.core.steps.BaseStepListener - stepFinished: current outcome:Crear un nuevo usuario:Dado que Oscar ingresa a la pagina [Oscar open up [Oscar opens the U test page]]
[Test worker] WARN net.thucydides.core.steps.BaseStepListener - stepFinished: current outcome:Crear un nuevo usuario:Dado que Oscar ingresa a la pagina [Oscar open up [Oscar opens the U test page]]
[Test worker] WARN net.thucydides.core.steps.BaseStepListener - stepStarted: net.thucydides.core.steps.ExecutedStepDescription@603e0a9c
[Test worker] WARN net.thucydides.core.steps.BaseStepListener - stepStarted: net.thucydides.core.steps.ExecutedStepDescription@11268eb
[Test worker] WARN net.thucydides.core.steps.BaseStepListener - stepStarted: net.thucydides.core.steps.ExecutedStepDescription@6478d9d3
[Test worker] WARN net.thucydides.core.steps.BaseStepListener - stepFinished: current outcome:Crear un nuevo usuario:Dado que Oscar ingresa a la pagina [Oscar open up [Oscar opens the U test page]], Cuando Oscar complete el formulario de registro
| strName | strLastName | strMail | strMonth | strDay | strYear | strCity | strPostalCode |
| tuUsuario | tuClave | ejemplo@ejemplo.com | October | 10 | 1990 | Bogotá | 760002 | [Oscar about yourself [Oscar clicks on botÃ³n que nos muestra el formulario del registro]]
[Test worker] WARN net.thucydides.core.steps.BaseStepListener - stepStarted: net.thucydides.core.steps.ExecutedStepDescription@7bec938
[Test worker] WARN net.thucydides.core.steps.BaseStepListener - stepFinished: current outcome:Crear un nuevo usuario:Dado que Oscar ingresa a la pagina [Oscar open up [Oscar opens the U test page]], Cuando Oscar complete el formulario de registro
| strName | strLastName | strMail | strMonth | strDay | strYear | strCity | strPostalCode |
| tuUsuario | tuClave | ejemplo@ejemplo.com | October | 10 | 1990 | Bogotá | 760002 | [Oscar about yourself [Oscar clicks on botÃ³n que nos muestra el formulario del registro, Oscar enters 'tuUsuario' into campo para registrar el nombre.]]
[Test worker] WARN net.thucydides.core.steps.BaseStepListener - stepStarted: net.thucydides.core.steps.ExecutedStepDescription@32e362a0
[Test worker] WARN net.thucydides.core.steps.BaseStepListener - stepFinished: current outcome:Crear un nuevo usuario:Dado que Oscar ingresa a la pagina [Oscar open up [Oscar opens the U test page]], Cuando Oscar complete el formulario de registro
| strName | strLastName | strMail | strMonth | strDay | strYear | strCity | strPostalCode |
| tuUsuario | tuClave | ejemplo@ejemplo.com | October | 10 | 1990 | Bogotá | 760002 | [Oscar about yourself [Oscar clicks on botÃ³n que nos muestra el formulario del registro, Oscar enters 'tuUsuario' into campo para registrar el nombre., Oscar enters 'tuClave' into campo para registrar el apellido.]]
[Test worker] WARN net.thucydides.core.steps.BaseStepListener - stepStarted: net.thucydides.core.steps.ExecutedStepDescription@346977e1
[Test worker] WARN net.thucydides.core.steps.BaseStepListener - stepFinished: current outcome:Crear un nuevo usuario:Dado que Oscar ingresa a la pagina [Oscar open up [Oscar opens the U test page]], Cuando Oscar complete el formulario de registro
| strName | strLastName | strMail | strMonth | strDay | strYear | strCity | strPostalCode |
| tuUsuario | tuClave | ejemplo@ejemplo.com | October | 10 | 1990 | Bogotá | 760002 | [Oscar about yourself [Oscar clicks on botÃ³n que nos muestra el formulario del registro, Oscar enters 'tuUsuario' into campo para registrar el nombre., Oscar enters 'tuClave' into campo para registrar el apellido., Oscar enters 'ejemplo@ejemplo.com' into campo para registrar el email]]
[Test worker] WARN net.thucydides.core.steps.BaseStepListener - stepStarted: net.thucydides.core.steps.ExecutedStepDescription@13def20d
[Test worker] WARN net.thucydides.core.steps.BaseStepListener - stepFinished: current outcome:Crear un nuevo usuario:Dado que Oscar ingresa a la pagina [Oscar open up [Oscar opens the U test page]], Cuando Oscar complete el formulario de registro
| strName | strLastName | strMail | strMonth | strDay | strYear | strCity | strPostalCode |
| tuUsuario | tuClave | ejemplo@ejemplo.com | October | 10 | 1990 | Bogotá | 760002 | [Oscar about yourself [Oscar clicks on botÃ³n que nos muestra el formulario del registro, Oscar enters 'tuUsuario' into campo para registrar el nombre., Oscar enters 'tuClave' into campo para registrar el apellido., Oscar enters 'ejemplo@ejemplo.com' into campo para registrar el email, Oscar select October on campo para seleccionar el mes de nacimiento]]
[Test worker] WARN net.thucydides.core.steps.BaseStepListener - stepStarted: net.thucydides.core.steps.ExecutedStepDescription@15db710b
[Test worker] WARN net.thucydides.core.steps.BaseStepListener - stepFinished: current outcome:Crear un nuevo usuario:Dado que Oscar ingresa a la pagina [Oscar open up [Oscar opens the U test page]], Cuando Oscar complete el formulario de registro
| strName | strLastName | strMail | strMonth | strDay | strYear | strCity | strPostalCode |
| tuUsuario | tuClave | ejemplo@ejemplo.com | October | 10 | 1990 | Bogotá | 760002 | [Oscar about yourself [Oscar clicks on botÃ³n que nos muestra el formulario del registro, Oscar enters 'tuUsuario' into campo para registrar el nombre., Oscar enters 'tuClave' into campo para registrar el apellido., Oscar enters 'ejemplo@ejemplo.com' into campo para registrar el email, Oscar select October on campo para seleccionar el mes de nacimiento, Oscar select 10 on campo para seleccionar el dÃ­a  de nacimiento]]
[Test worker] WARN net.thucydides.core.steps.BaseStepListener - stepStarted: net.thucydides.core.steps.ExecutedStepDescription@4dfd4
[Test worker] WARN net.thucydides.core.steps.BaseStepListener - stepFinished: current outcome:Crear un nuevo usuario:Dado que Oscar ingresa a la pagina [Oscar open up [Oscar opens the U test page]], Cuando Oscar complete el formulario de registro
| strName | strLastName | strMail | strMonth | strDay | strYear | strCity | strPostalCode |
| tuUsuario | tuClave | ejemplo@ejemplo.com | October | 10 | 1990 | Bogotá | 760002 | [Oscar about yourself [Oscar clicks on botÃ³n que nos muestra el formulario del registro, Oscar enters 'tuUsuario' into campo para registrar el nombre., Oscar enters 'tuClave' into campo para registrar el apellido., Oscar enters 'ejemplo@ejemplo.com' into campo para registrar el email, Oscar select October on campo para seleccionar el mes de nacimiento, Oscar select 10 on campo para seleccionar el dÃ­a  de nacimiento, Oscar select 1990 on campo para seleccionar el aÃ±o de nacimiento]]
[Test worker] WARN net.thucydides.core.steps.BaseStepListener - stepStarted: net.thucydides.core.steps.ExecutedStepDescription@157b09e2
[Test worker] WARN net.thucydides.core.steps.BaseStepListener - stepFinished: current outcome:Crear un nuevo usuario:Dado que Oscar ingresa a la pagina [Oscar open up [Oscar opens the U test page]], Cuando Oscar complete el formulario de registro
| strName | strLastName | strMail | strMonth | strDay | strYear | strCity | strPostalCode |
| tuUsuario | tuClave | ejemplo@ejemplo.com | October | 10 | 1990 | Bogotá | 760002 | [Oscar about yourself [Oscar clicks on botÃ³n que nos muestra el formulario del registro, Oscar enters 'tuUsuario' into campo para registrar el nombre., Oscar enters 'tuClave' into campo para registrar el apellido., Oscar enters 'ejemplo@ejemplo.com' into campo para registrar el email, Oscar select October on campo para seleccionar el mes de nacimiento, Oscar select 10 on campo para seleccionar el dÃ­a  de nacimiento, Oscar select 1990 on campo para seleccionar el aÃ±o de nacimiento, Oscar clicks on campo para seleccionar el aÃ±o de nacimiento]]
[Test worker] WARN net.thucydides.core.steps.BaseStepListener - stepFinished: current outcome:Crear un nuevo usuario:Dado que Oscar ingresa a la pagina [Oscar open up [Oscar opens the U test page]], Cuando Oscar complete el formulario de registro
| strName | strLastName | strMail | strMonth | strDay | strYear | strCity | strPostalCode |
| tuUsuario | tuClave | ejemplo@ejemplo.com | October | 10 | 1990 | Bogotá | 760002 | [Oscar about yourself [Oscar clicks on botÃ³n que nos muestra el formulario del registro, Oscar enters 'tuUsuario' into campo para registrar el nombre., Oscar enters 'tuClave' into campo para registrar el apellido., Oscar enters 'ejemplo@ejemplo.com' into campo para registrar el email, Oscar select October on campo para seleccionar el mes de nacimiento, Oscar select 10 on campo para seleccionar el dÃ­a  de nacimiento, Oscar select 1990 on campo para seleccionar el aÃ±o de nacimiento, Oscar clicks on campo para seleccionar el aÃ±o de nacimiento]]
[Test worker] WARN net.thucydides.core.steps.BaseStepListener - stepStarted: net.thucydides.core.steps.ExecutedStepDescription@36e7fe80
[Test worker] WARN net.thucydides.core.steps.BaseStepListener - stepStarted: net.thucydides.core.steps.ExecutedStepDescription@31d8a757
[Test worker] WARN net.thucydides.core.steps.BaseStepListener - stepFinished: current outcome:Crear un nuevo usuario:Dado que Oscar ingresa a la pagina [Oscar open up [Oscar opens the U test page]], Cuando Oscar complete el formulario de registro
| strName | strLastName | strMail | strMonth | strDay | strYear | strCity | strPostalCode |
| tuUsuario | tuClave | ejemplo@ejemplo.com | October | 10 | 1990 | Bogotá | 760002 | [Oscar about yourself [Oscar clicks on botÃ³n que nos muestra el formulario del registro, Oscar enters 'tuUsuario' into campo para registrar el nombre., Oscar enters 'tuClave' into campo para registrar el apellido., Oscar enters 'ejemplo@ejemplo.com' into campo para registrar el email, Oscar select October on campo para seleccionar el mes de nacimiento, Oscar select 10 on campo para seleccionar el dÃ­a  de nacimiento, Oscar select 1990 on campo para seleccionar el aÃ±o de nacimiento, Oscar clicks on campo para seleccionar el aÃ±o de nacimiento], Oscar your address [Oscar enters 'Bogotá' into campo para registrar la ciudad.]]
[Test worker] WARN net.thucydides.core.steps.BaseStepListener - stepStarted: net.thucydides.core.steps.ExecutedStepDescription@2b1b71d1
[Test worker] WARN net.thucydides.core.steps.BaseStepListener - stepFinished: current outcome:Crear un nuevo usuario:Dado que Oscar ingresa a la pagina [Oscar open up [Oscar opens the U test page]], Cuando Oscar complete el formulario de registro
| strName | strLastName | strMail | strMonth | strDay | strYear | strCity | strPostalCode |
| tuUsuario | tuClave | ejemplo@ejemplo.com | October | 10 | 1990 | Bogotá | 760002 | [Oscar about yourself [Oscar clicks on botÃ³n que nos muestra el formulario del registro, Oscar enters 'tuUsuario' into campo para registrar el nombre., Oscar enters 'tuClave' into campo para registrar el apellido., Oscar enters 'ejemplo@ejemplo.com' into campo para registrar el email, Oscar select October on campo para seleccionar el mes de nacimiento, Oscar select 10 on campo para seleccionar el dÃ­a  de nacimiento, Oscar select 1990 on campo para seleccionar el aÃ±o de nacimiento, Oscar clicks on campo para seleccionar el aÃ±o de nacimiento], Oscar your address [Oscar enters 'Bogotá' into campo para registrar la ciudad., Oscar enters '760002' into campo para registrar el codigo postal.]]
[Test worker] WARN net.thucydides.core.steps.BaseStepListener - stepStarted: net.thucydides.core.steps.ExecutedStepDescription@31a2477a
[Test worker] WARN net.thucydides.core.steps.BaseStepListener - stepFinished: current outcome:Crear un nuevo usuario:Dado que Oscar ingresa a la pagina [Oscar open up [Oscar opens the U test page]], Cuando Oscar complete el formulario de registro
| strName | strLastName | strMail | strMonth | strDay | strYear | strCity | strPostalCode |
| tuUsuario | tuClave | ejemplo@ejemplo.com | October | 10 | 1990 | Bogotá | 760002 | [Oscar about yourself [Oscar clicks on botÃ³n que nos muestra el formulario del registro, Oscar enters 'tuUsuario' into campo para registrar el nombre., Oscar enters 'tuClave' into campo para registrar el apellido., Oscar enters 'ejemplo@ejemplo.com' into campo para registrar el email, Oscar select October on campo para seleccionar el mes de nacimiento, Oscar select 10 on campo para seleccionar el dÃ­a  de nacimiento, Oscar select 1990 on campo para seleccionar el aÃ±o de nacimiento, Oscar clicks on campo para seleccionar el aÃ±o de nacimiento], Oscar your address [Oscar enters 'Bogotá' into campo para registrar la ciudad., Oscar enters '760002' into campo para registrar el codigo postal., Oscar clicks on campo para registrar el email]]
[Test worker] WARN net.thucydides.core.steps.BaseStepListener - stepFinished: current outcome:Crear un nuevo usuario:Dado que Oscar ingresa a la pagina [Oscar open up [Oscar opens the U test page]], Cuando Oscar complete el formulario de registro
| strName | strLastName | strMail | strMonth | strDay | strYear | strCity | strPostalCode |
| tuUsuario | tuClave | ejemplo@ejemplo.com | October | 10 | 1990 | Bogotá | 760002 | [Oscar about yourself [Oscar clicks on botÃ³n que nos muestra el formulario del registro, Oscar enters 'tuUsuario' into campo para registrar el nombre., Oscar enters 'tuClave' into campo para registrar el apellido., Oscar enters 'ejemplo@ejemplo.com' into campo para registrar el email, Oscar select October on campo para seleccionar el mes de nacimiento, Oscar select 10 on campo para seleccionar el dÃ­a  de nacimiento, Oscar select 1990 on campo para seleccionar el aÃ±o de nacimiento, Oscar clicks on campo para seleccionar el aÃ±o de nacimiento], Oscar your address [Oscar enters 'Bogotá' into campo para registrar la ciudad., Oscar enters '760002' into campo para registrar el codigo postal., Oscar clicks on campo para registrar el email]]
[Test worker] WARN net.thucydides.core.steps.BaseStepListener - stepStarted: net.thucydides.core.steps.ExecutedStepDescription@248721cc
[Test worker] ERROR net.thucydides.core.steps.StepFactory - Cannot create StepFactory for  class net.serenitybdd.screenplay.actions.EnterValueIntoTarget
java.lang.reflect.InvocationTargetException
	at sun.reflect.NativeConstructorAccessorImpl.newInstance0(Native Method)
	at sun.reflect.NativeConstructorAccessorImpl.newInstance(NativeConstructorAccessorImpl.java:62)
	at sun.reflect.DelegatingConstructorAccessorImpl.newInstance(DelegatingConstructorAccessorImpl.java:45)
	at java.lang.reflect.Constructor.newInstance(Constructor.java:423)
	at net.thucydides.core.steps.StepFactory.immutableStepLibrary(StepFactory.java:259)
	at net.thucydides.core.steps.StepFactory.createProxyStepLibrary(StepFactory.java:223)
	at net.thucydides.core.steps.StepFactory.instantiateUniqueStepLibraryFor(StepFactory.java:194)
	at net.thucydides.core.steps.StepFactory.getUniqueStepLibraryFor(StepFactory.java:130)
	at net.serenitybdd.screenplay.Tasks.instrumented(Tasks.java:12)
	at net.serenitybdd.screenplay.actions.Enter.into(Enter.java:32)
	at co.com.choucair.certification.proyectobase.tasks.LastStep.performAs(LastStep.java:28)
	at co.com.choucair.certification.proyectobase.tasks.LastStep$ByteBuddy$sVWYTEhj.performAs$accessor$Oq82irHz(Unknown Source)
	at sun.reflect.NativeMethodAccessorImpl.invoke0(Native Method)
	at sun.reflect.NativeMethodAccessorImpl.invoke(NativeMethodAccessorImpl.java:62)
	at sun.reflect.DelegatingMethodAccessorImpl.invoke(DelegatingMethodAccessorImpl.java:43)
	at java.lang.reflect.Method.invoke(Method.java:498)
	at net.thucydides.core.steps.StepInterceptor.invokeMethod(StepInterceptor.java:471)
	at net.thucydides.core.steps.StepInterceptor.executeTestStepMethod(StepInterceptor.java:451)
	at net.thucydides.core.steps.StepInterceptor.runTestStep(StepInterceptor.java:424)
	at net.thucydides.core.steps.StepInterceptor.runOrSkipMethod(StepInterceptor.java:180)
	at net.thucydides.core.steps.StepInterceptor.testStepResult(StepInterceptor.java:167)
	at net.thucydides.core.steps.StepInterceptor.intercept(StepInterceptor.java:75)
	at co.com.choucair.certification.proyectobase.tasks.LastStep$ByteBuddy$sVWYTEhj.performAs(Unknown Source)
	at net.serenitybdd.screenplay.Actor.performTask(Actor.java:233)
	at net.serenitybdd.screenplay.Actor.perform(Actor.java:214)
	at net.serenitybdd.screenplay.Actor.attemptsTo(Actor.java:171)
	at co.com.choucair.certification.proyectobase.stepdefinitions.UTestSpectDefinitions.Oscarcompleteelformularioderegistro(UTestSpectDefinitions.java:40)
	at sun.reflect.NativeMethodAccessorImpl.invoke0(Native Method)
	at sun.reflect.NativeMethodAccessorImpl.invoke(NativeMethodAccessorImpl.java:62)
	at sun.reflect.DelegatingMethodAccessorImpl.invoke(DelegatingMethodAccessorImpl.java:43)
	at java.lang.reflect.Method.invoke(Method.java:498)
	at cucumber.runtime.Utils$1.call(Utils.java:31)
	at cucumber.runtime.Timeout.timeout(Timeout.java:16)
	at cucumber.runtime.Utils.invoke(Utils.java:25)
	at cucumber.runtime.java.JavaStepDefinition.execute(JavaStepDefinition.java:37)
	at cucumber.runtime.StepDefinitionMatch.runStep(StepDefinitionMatch.java:40)
	at cucumber.api.TestStep.executeStep(TestStep.java:102)
	at cucumber.api.TestStep.run(TestStep.java:83)
	at cucumber.api.TestCase.run(TestCase.java:58)
	at cucumber.runner.Runner.runPickle(Runner.java:80)
	at cucumber.runtime.junit.PickleRunners$NoStepDescriptions.run(PickleRunners.java:140)
	at cucumber.runtime.junit.FeatureRunner.runChild(FeatureRunner.java:68)
	at cucumber.runtime.junit.FeatureRunner.runChild(FeatureRunner.java:23)
	at org.junit.runners.ParentRunner$3.run(ParentRunner.java:290)
	at org.junit.runners.ParentRunner$1.schedule(ParentRunner.java:71)
	at org.junit.runners.ParentRunner.runChildren(ParentRunner.java:288)
	at org.junit.runners.ParentRunner.access$000(ParentRunner.java:58)
	at org.junit.runners.ParentRunner$2.evaluate(ParentRunner.java:268)
	at org.junit.runners.ParentRunner.run(ParentRunner.java:363)
	at cucumber.runtime.junit.FeatureRunner.run(FeatureRunner.java:73)
	at cucumber.api.junit.Cucumber.runChild(Cucumber.java:118)
	at cucumber.api.junit.Cucumber.runChild(Cucumber.java:56)
	at org.junit.runners.ParentRunner$3.run(ParentRunner.java:290)
	at org.junit.runners.ParentRunner$1.schedule(ParentRunner.java:71)
	at org.junit.runners.ParentRunner.runChildren(ParentRunner.java:288)
	at org.junit.runners.ParentRunner.access$000(ParentRunner.java:58)
	at org.junit.runners.ParentRunner$2.evaluate(ParentRunner.java:268)
	at cucumber.api.junit.Cucumber$1.evaluate(Cucumber.java:127)
	at org.junit.runners.ParentRunner.run(ParentRunner.java:363)
	at org.gradle.api.internal.tasks.testing.junit.JUnitTestClassExecutor.runTestClass(JUnitTestClassExecutor.java:110)
	at org.gradle.api.internal.tasks.testing.junit.JUnitTestClassExecutor.execute(JUnitTestClassExecutor.java:58)
	at org.gradle.api.internal.tasks.testing.junit.JUnitTestClassExecutor.execute(JUnitTestClassExecutor.java:38)
	at org.gradle.api.internal.tasks.testing.junit.AbstractJUnitTestClassProcessor.processTestClass(AbstractJUnitTestClassProcessor.java:62)
	at org.gradle.api.internal.tasks.testing.SuiteTestClassProcessor.processTestClass(SuiteTestClassProcessor.java:51)
	at sun.reflect.NativeMethodAccessorImpl.invoke0(Native Method)
	at sun.reflect.NativeMethodAccessorImpl.invoke(NativeMethodAccessorImpl.java:62)
	at sun.reflect.DelegatingMethodAccessorImpl.invoke(DelegatingMethodAccessorImpl.java:43)
	at java.lang.reflect.Method.invoke(Method.java:498)
	at org.gradle.internal.dispatch.ReflectionDispatch.dispatch(ReflectionDispatch.java:36)
	at org.gradle.internal.dispatch.ReflectionDispatch.dispatch(ReflectionDispatch.java:24)
	at org.gradle.internal.dispatch.ContextClassLoaderDispatch.dispatch(ContextClassLoaderDispatch.java:33)
	at org.gradle.internal.dispatch.ProxyDispatchAdapter$DispatchingInvocationHandler.invoke(ProxyDispatchAdapter.java:94)
	at com.sun.proxy.$Proxy2.processTestClass(Unknown Source)
	at org.gradle.api.internal.tasks.testing.worker.TestWorker.processTestClass(TestWorker.java:118)
	at sun.reflect.NativeMethodAccessorImpl.invoke0(Native Method)
	at sun.reflect.NativeMethodAccessorImpl.invoke(NativeMethodAccessorImpl.java:62)
	at sun.reflect.DelegatingMethodAccessorImpl.invoke(DelegatingMethodAccessorImpl.java:43)
	at java.lang.reflect.Method.invoke(Method.java:498)
	at org.gradle.internal.dispatch.ReflectionDispatch.dispatch(ReflectionDispatch.java:36)
	at org.gradle.internal.dispatch.ReflectionDispatch.dispatch(ReflectionDispatch.java:24)
	at org.gradle.internal.remote.internal.hub.MessageHubBackedObjectConnection$DispatchWrapper.dispatch(MessageHubBackedObjectConnection.java:182)
	at org.gradle.internal.remote.internal.hub.MessageHubBackedObjectConnection$DispatchWrapper.dispatch(MessageHubBackedObjectConnection.java:164)
	at org.gradle.internal.remote.internal.hub.MessageHub$Handler.run(MessageHub.java:412)
	at org.gradle.internal.concurrent.ExecutorPolicy$CatchAndRecordFailures.onExecute(ExecutorPolicy.java:64)
	at org.gradle.internal.concurrent.ManagedExecutorImpl$1.run(ManagedExecutorImpl.java:48)
	at java.util.concurrent.ThreadPoolExecutor.runWorker(ThreadPoolExecutor.java:1149)
	at java.util.concurrent.ThreadPoolExecutor$Worker.run(ThreadPoolExecutor.java:624)
	at org.gradle.internal.concurrent.ThreadFactoryImpl$ManagedThreadRunnable.run(ThreadFactoryImpl.java:56)
	at java.lang.Thread.run(Thread.java:748)
Caused by: java.lang.NullPointerException
	at net.serenitybdd.screenplay.actions.type.RenderEnteredText.lambda$getTextAsStringFor$0(RenderEnteredText.java:40)
	at java.util.stream.ReferencePipeline$3$1.accept(ReferencePipeline.java:193)
	at java.util.Spliterators$ArraySpliterator.forEachRemaining(Spliterators.java:948)
	at java.util.stream.AbstractPipeline.copyInto(AbstractPipeline.java:482)
	at java.util.stream.AbstractPipeline.wrapAndCopyInto(AbstractPipeline.java:472)
	at java.util.stream.ReduceOps$ReduceOp.evaluateSequential(ReduceOps.java:708)
	at java.util.stream.AbstractPipeline.evaluate(AbstractPipeline.java:234)
	at java.util.stream.ReferencePipeline.collect(ReferencePipeline.java:499)
	at net.serenitybdd.screenplay.actions.type.RenderEnteredText.getTextAsStringFor(RenderEnteredText.java:41)
	at net.serenitybdd.screenplay.actions.EnterValue.&lt;init&gt;(EnterValue.java:22)
	at net.serenitybdd.screenplay.actions.EnterValueIntoTarget.&lt;init&gt;(EnterValueIntoTarget.java:12)
	at net.serenitybdd.screenplay.actions.EnterValueIntoTarget$ByteBuddy$vLSTd5cu.&lt;init&gt;(Unknown Source)
	... 89 more
[Test worker] WARN net.thucydides.core.steps.BaseStepListener - stepStarted: net.thucydides.core.steps.ExecutedStepDescription@392a30df
[Test worker] WARN net.thucydides.core.steps.BaseStepListener - testFinished: Crear un nuevo usuario:Dado que Oscar ingresa a la pagina [Oscar open up [Oscar opens the U test page]], Cuando Oscar complete el formulario de registro
| strName | strLastName | strMail | strMonth | strDay | strYear | strCity | strPostalCode |
| tuUsuario | tuClave | ejemplo@ejemplo.com | October | 10 | 1990 | Bogotá | 760002 | [Oscar about yourself [Oscar clicks on botÃ³n que nos muestra el formulario del registro, Oscar enters 'tuUsuario' into campo para registrar el nombre., Oscar enters 'tuClave' into campo para registrar el apellido., Oscar enters 'ejemplo@ejemplo.com' into campo para registrar el email, Oscar select October on campo para seleccionar el mes de nacimiento, Oscar select 10 on campo para seleccionar el dÃ­a  de nacimiento, Oscar select 1990 on campo para seleccionar el aÃ±o de nacimiento, Oscar clicks on campo para seleccionar el aÃ±o de nacimiento], Oscar your address [Oscar enters 'Bogotá' into campo para registrar la ciudad., Oscar enters '760002' into campo para registrar el codigo postal., Oscar clicks on campo para registrar el email], Oscar last step], Entonces Oscar puede comprobar la creacion del usuario
[Test worker] WARN net.thucydides.core.steps.BaseStepListener - TestOutcomes: [Crear un nuevo usuario:Dado que Oscar ingresa a la pagina [Oscar open up [Oscar opens the U test page]], Cuando Oscar complete el formulario de registro
| strName | strLastName | strMail | strMonth | strDay | strYear | strCity | strPostalCode |
| tuUsuario | tuClave | ejemplo@ejemplo.com | October | 10 | 1990 | Bogotá | 760002 | [Oscar about yourself [Oscar clicks on botÃ³n que nos muestra el formulario del registro, Oscar enters 'tuUsuario' into campo para registrar el nombre., Oscar enters 'tuClave' into campo para registrar el apellido., Oscar enters 'ejemplo@ejemplo.com' into campo para registrar el email, Oscar select October on campo para seleccionar el mes de nacimiento, Oscar select 10 on campo para seleccionar el dÃ­a  de nacimiento, Oscar select 1990 on campo para seleccionar el aÃ±o de nacimiento, Oscar clicks on campo para seleccionar el aÃ±o de nacimiento], Oscar your address [Oscar enters 'Bogotá' into campo para registrar la ciudad., Oscar enters '760002' into campo para registrar el codigo postal., Oscar clicks on campo para registrar el email], Oscar last step], Entonces Oscar puede comprobar la creacion del usuario]
[Test worker] WARN net.thucydides.core.steps.BaseStepListener - Final testOutcomes: [Crear un nuevo usuario:Dado que Oscar ingresa a la pagina [Oscar open up [Oscar opens the U test page]], Cuando Oscar complete el formulario de registro
| strName | strLastName | strMail | strMonth | strDay | strYear | strCity | strPostalCode |
| tuUsuario | tuClave | ejemplo@ejemplo.com | October | 10 | 1990 | Bogotá | 760002 | [Oscar about yourself [Oscar clicks on botÃ³n que nos muestra el formulario del registro, Oscar enters 'tuUsuario' into campo para registrar el nombre., Oscar enters 'tuClave' into campo para registrar el apellido., Oscar enters 'ejemplo@ejemplo.com' into campo para registrar el email, Oscar select October on campo para seleccionar el mes de nacimiento, Oscar select 10 on campo para seleccionar el dÃ­a  de nacimiento, Oscar select 1990 on campo para seleccionar el aÃ±o de nacimiento, Oscar clicks on campo para seleccionar el aÃ±o de nacimiento], Oscar your address [Oscar enters 'Bogotá' into campo para registrar la ciudad., Oscar enters '760002' into campo para registrar el codigo postal., Oscar clicks on campo para registrar el email], Oscar last step], Entonces Oscar puede comprobar la creacion del usuario]
[Test worker] ERROR net.thucydides.core.steps.ConsoleLoggingListener - 
           __  _____ _____ ____ _____   _____ _    ___ _     _____ ____  
  _       / / |_   _| ____/ ___|_   _| |  ___/ \  |_ _| |   | ____|  _ \ 
 (_)_____| |    | | |  _| \___ \ | |   | |_ / _ \  | || |   |  _| | | | |
  _|_____| |    | | | |___ ___) || |   |  _/ ___ \ | || |___| |___| |_| |
 (_)     | |    |_| |_____|____/ |_|   |_|/_/   \_\___|_____|_____|____/ 
          \_\                                                            

TEST FAILED WITH ERROR: Crear un nuevo usuario
---------------------------------------------------------------------
[Test worker] ERROR net.thucydides.core.steps.ConsoleLoggingListener - TEST FAILED AT STEP Oscar last step
[Test worker] ERROR net.thucydides.core.steps.ConsoleLoggingListener - 
</pre>
</span>
</div>
</div>
<div id="footer">
<p>
<div>
<label class="hidden" id="label-for-line-wrapping-toggle" for="line-wrapping-toggle">Wrap lines
<input id="line-wrapping-toggle" type="checkbox" autocomplete="off"/>
</label>
</div>Generated by 
<a href="http://www.gradle.org">Gradle 6.3</a> at 06-feb-2021 13:52:01</p>
</div>
</div>
</body>
</html>
